29.964
39.742
40.135
40.360
40.952
41.278
42.051
42.275
42.954
42.987
47.654
53.997
54.867
56.633
57.035
57.762
59.103
59.197
59.297
59.879
60.087
60.107
61.956
63.328
64.782
66.054
69.010
73.867
74.973
75.026
75.533
77.631
77.762
79.011
80.542
80.570
80.583
84.188
85.426
87.904
89.410
89.548
93.616
93.644
95.237
97.059
97.797
100.320
102.574
103.118
103.875
104.627
105.206
106.325
107.940
107.953
109.347
110.450
112.131
112.949
112.986
113.480
117.074
118.165
119.763
120.434
121.778
121.819
122.004
126.579
127.660
128.779
129.580
132.754
132.821
132.996
133.283
135.580
136.950
137.927
138.701
139.566
139.800
140.648
144.307
147.457
150.736
151.941
152.818
154.731
155.955
155.999
156.082
158.399
158.422
158.906
159.621
160.404
162.035
166.889
168.083
168.471
170.971
173.213
173.987
174.531
175.126
175.665
175.786
176.108
178.674
180.266
181.081
181.476
183.163
187.379
188.610
188.869
189.032
189.670
189.784
190.805
191.202
193.422
193.497
194.416
196.664
200.214
201.093
201.061
204.372
206.898
207.023
207.249
208.507
208.878
210.744
211.890
212.008
212.543
219.108
222.139
222.753
222.878
224.560
225.448
226.245
227.445
227.394
228.078
228.260
229.935
232.422
234.576
238.598
238.851
239.908
30.362
31.785
36.779
38.011
38.377
39.077
39.227
39.575
41.010
42.576
42.592
42.590
43.372
45.106
45.323
46.410
50.211
51.943
53.014
54.796
55.254
56.161
56.178
56.863
57.051
59.667
60.428
64.145
65.795
68.376
69.280
69.913
73.506
73.627
74.021
75.753
76.549
77.295
78.187
80.749
83.688
84.569
85.270
85.650
86.602
87.869
89.301
91.209
91.257
91.430
91.777
95.682
95.782
96.834
97.403
100.511
102.304
105.191
105.438
106.784
106.927
107.999
112.169
112.936
113.329
114.519
115.842
116.941
119.746
121.537
121.605
122.691
123.152
123.641
124.708
126.753
127.123
127.473
132.100
132.627
133.094
134.766
135.116
136.865
137.828
137.930
137.984
143.204
143.602
145.284
145.619
147.329
152.240
153.708
153.868
156.283
158.250
158.505
159.170
159.402
161.658
162.555
162.862
163.014
165.361
167.929
168.416
172.085
172.541
173.812
174.338
175.829
176.826
177.194
178.236
180.210
181.013
182.246
184.659
186.602
188.831
189.758
191.215
191.245
191.521
192.141
193.991
194.744
195.411
197.514
198.555
200.568
202.909
203.125
203.698
205.263
207.839
208.909
212.850
213.070
213.070
213.533
217.790
219.526
219.885
220.456
221.871
222.406
224.881
225.139
227.029
227.104
227.405
229.970
230.752
231.217
233.993
238.406
238.944
239.557
31.363
35.945
36.629
37.593
38.143
38.803
39.684
40.689
40.741
43.851
44.919
46.383
49.070
49.590
51.956
54.293
55.143
56.550
56.842
59.188
59.294
59.945
60.133
61.005
61.422
62.844
63.172
63.799
65.501
68.872
72.906
73.431
73.874
74.100
74.757
77.461
80.236
80.340
81.100
81.151
81.587
82.819
87.167
89.242
91.896
92.310
92.437
93.632
94.114
94.956
98.235
99.842
101.788
102.111
102.301
102.466
105.009
105.997
107.473
108.630
111.587
112.742
114.327
114.367
115.213
119.541
119.719
119.742
120.353
120.265
121.890
123.783
124.216
126.481
127.175
127.786
128.265
129.519
132.449
137.580
138.340
138.577
138.833
139.847
141.258
141.690
145.341
145.694
145.675
146.028
152.994
153.106
154.887
154.985
155.084
156.677
158.252
158.925
160.174
162.694
162.819
162.886
163.211
164.804
167.255
172.904
172.947
173.486
174.059
174.425
176.125
177.557
177.774
178.005
179.131
180.108
181.477
183.281
186.080
186.895
187.306
188.101
188.525
190.303
192.803
193.677
193.724
196.389
197.592
197.631
199.272
199.805
201.099
203.099
203.371
205.027
206.740
208.272
208.331
209.613
210.439
210.508
213.056
213.115
216.150
217.561
217.740
218.470
221.696
222.959
223.002
224.019
224.325
225.190
225.617
226.645
229.522
232.469
232.626
232.698
235.976
238.653
239.780
30.808
31.818
32.223
33.072
34.935
34.939
35.248
36.517
36.731
40.167
40.185
41.329
45.200
49.476
49.804
50.396
54.583
54.596
54.877
58.268
58.358
58.646
61.165
61.689
61.821
64.804
66.909
67.156
71.357
71.869
72.924
72.955
73.123
73.988
75.084
77.203
78.564
78.779
78.741
80.279
83.862
84.797
85.958
86.784
89.658
92.129
93.522
97.218
102.694
102.853
104.497
105.155
105.755
106.834
107.197
107.277
107.262
110.606
111.477
111.487
113.863
116.370
116.505
117.160
118.591
119.885
122.249
122.446
122.992
123.048
125.272
126.895
127.011
127.627
127.958
129.566
131.215
134.456
134.881
136.338
136.467
137.523
138.754
139.253
139.769
140.666
145.233
145.871
147.156
152.129
152.902
153.399
153.424
154.316
155.363
155.756
157.389
157.773
158.868
160.155
161.443
166.336
166.845
167.116
168.536
169.041
170.002
170.755
171.656
172.657
172.862
173.722
174.743
175.315
179.678
180.005
180.480
185.464
185.997
187.730
189.238
191.687
191.919
192.445
192.760
193.665
193.762
194.597
196.599
197.080
198.874
200.006
201.434
202.130
204.913
205.095
205.967
207.486
207.493
207.540
207.961
208.853
211.821
212.372
215.357
215.882
217.284
219.768
220.427
222.117
222.179
224.261
224.311
225.349
225.469
226.323
228.998
229.558
231.023
233.462
234.209
234.356
235.300
236.887
238.275
33.149
34.817
36.476
38.160
38.997
39.037
39.696
40.689
43.354
45.247
45.800
47.810
48.569
56.952
57.680
58.069
58.619
59.651
60.284
60.724
61.810
61.983
64.250
71.527
73.925
74.224
74.863
74.910
75.693
75.834
75.994
78.338
79.489
80.117
81.016
81.044
81.284
82.426
84.953
86.274
86.783
88.351
89.368
89.457
93.571
94.662
94.835
96.092
96.122
96.571
98.188
99.297
101.451
105.395
105.566
107.311
108.352
111.205
111.505
114.387
116.571
120.028
120.511
120.978
121.726
122.713
123.031
126.007
126.920
128.374
128.457
129.613
130.748
132.520
133.379
136.024
136.936
136.947
137.339
138.466
143.297
144.387
146.142
146.759
146.916
147.240
148.329
149.807
152.326
152.794
153.421
154.409
158.288
158.594
158.840
162.723
164.192
165.041
167.293
168.060
168.985
169.762
172.150
173.139
173.145
173.613
175.905
180.552
181.224
181.385
182.646
182.804
183.823
184.710
185.297
186.833
187.454
188.277
188.833
190.702
191.768
191.810
193.033
195.930
198.890
199.743
203.459
203.451
203.508
205.515
206.727
208.967
209.327
211.954
213.143
214.057
214.283
215.618
217.033
218.139
219.524
221.615
222.160
223.053
223.115
225.059
226.931
227.289
227.822
229.739
231.440
231.439
233.195
233.809
234.606
234.902
237.318
28.839
31.067
32.971
33.485
36.226
36.266
36.322
38.116
38.682
38.868
40.413
43.137
43.163
44.234
48.484
48.819
49.054
49.204
50.234
52.198
52.558
56.872
57.376
57.516
58.645
59.523
60.324
60.487
65.396
67.825
67.807
67.889
68.017
71.012
71.734
72.797
74.178
74.884
75.110
77.777
77.846
78.457
81.119
81.942
84.090
85.213
87.745
88.013
91.573
92.971
93.903
94.024
95.721
96.044
98.727
100.019
101.664
102.468
102.826
104.375
105.073
106.274
107.801
109.501
112.275
112.361
112.724
112.884
113.769
114.393
114.698
115.966
116.904
117.974
118.060
119.581
120.825
121.779
122.230
123.255
123.587
123.810
124.281
124.289
131.024
131.031
131.254
131.947
134.503
136.118
138.542
138.583
140.010
141.117
142.561
142.840
143.766
144.849
145.131
149.676
153.335
154.147
155.198
155.555
158.329
158.434
160.323
160.486
160.793
165.609
169.678
169.871
172.283
172.937
174.285
174.809
177.117
177.348
179.161
181.670
181.715
182.624
185.425
186.018
186.410
186.613
186.709
191.613
191.640
192.354
192.961
193.870
195.083
196.060
199.580
199.570
202.483
202.598
203.696
205.725
209.989
210.089
210.173
212.254
212.531
213.296
213.307
213.736
218.152
220.022
220.438
221.923
223.661
225.409
226.746
228.705
228.986
229.772
229.774
232.874
234.906
236.567
236.538
236.596
236.882
239.681
26.099
26.095
28.089
32.928
37.372
37.710
39.106
39.800
40.229
40.770
41.977
42.338
46.017
46.039
46.488
48.354
48.825
48.850
53.065
53.196
53.652
53.809
56.958
58.307
59.097
59.674
60.579
61.112
63.265
63.337
63.594
63.733
65.384
66.617
67.550
72.648
73.654
73.791
75.790
78.770
78.788
79.127
81.213
82.123
83.146
85.515
87.067
88.912
90.898
92.337
94.751
96.163
97.186
98.053
100.385
101.929
102.048
103.006
104.583
105.293
108.869
108.882
110.605
111.910
112.352
113.026
113.885
114.337
114.507
118.213
120.309
120.317
126.829
127.874
128.375
131.801
131.843
132.262
133.243
135.778
135.830
137.459
138.059
140.083
140.265
140.617
145.825
147.133
148.455
148.821
150.168
150.202
151.288
155.426
155.528
158.188
158.199
158.253
159.870
160.382
160.408
163.006
164.344
165.695
167.672
167.741
168.383
171.005
172.156
176.853
176.985
177.834
179.236
179.587
179.716
180.356
181.388
181.408
181.440
183.233
187.016
188.119
188.769
188.879
191.306
192.959
192.965
195.418
195.559
197.555
198.158
198.937
199.553
200.900
202.433
203.258
203.286
203.295
203.418
206.135
210.202
212.689
213.324
214.735
215.788
216.275
217.740
220.227
221.485
222.022
222.156
224.229
224.240
226.065
229.935
231.954
232.327
233.652
234.184
239.872
239.915
28.977
35.556
36.302
37.100
38.675
39.377
39.478
40.256
44.535
45.568
46.190
46.341
54.961
55.092
58.093
58.653
58.839
59.136
61.707
62.837
64.784
64.954
67.370
67.901
67.944
72.679
72.765
73.560
74.863
74.989
75.859
80.787
82.396
82.739
83.390
85.436
87.032
87.318
89.360
90.610
91.006
91.102
91.443
91.708
92.537
94.566
94.823
97.962
100.273
103.944
104.387
105.465
106.501
107.528
108.446
108.941
109.196
110.154
113.368
117.044
121.268
121.519
122.703
124.610
125.935
126.371
131.297
136.509
138.351
140.292
141.098
142.059
144.805
145.353
145.711
146.737
148.454
149.476
151.738
154.961
155.113
156.388
156.463
157.291
158.846
164.093
164.185
164.946
166.065
166.158
170.602
170.756
171.217
171.377
173.053
174.636
174.953
177.789
180.493
180.621
182.027
188.047
188.235
189.828
192.932
195.831
195.882
195.859
198.276
200.334
200.512
200.525
200.921
202.350
204.930
205.465
205.619
206.512
207.888
213.608
214.063
217.802
218.286
219.525
220.496
225.836
227.376
230.560
231.871
233.257
233.746
236.477
236.984
237.889
238.417
32.536
36.144
37.803
39.111
39.857
46.805
49.230
49.524
51.460
53.268
53.542
56.880
57.694
57.977
58.174
58.968
59.321
59.782
63.786
65.472
66.252
66.597
68.095
68.222
68.186
71.190
72.098
72.205
72.978
74.467
74.689
76.062
77.319
78.751
80.350
84.624
84.859
84.983
86.369
86.406
86.841
87.368
88.535
89.289
90.748
91.374
93.712
98.495
99.939
100.939
101.084
102.555
103.243
105.745
109.309
111.834
111.950
113.072
113.144
115.654
117.159
118.594
120.291
121.366
121.740
123.069
123.277
123.468
125.028
127.651
127.983
131.755
135.849
136.031
136.558
139.220
141.046
143.331
143.338
145.221
145.975
146.055
146.465
146.903
147.019
150.930
151.269
153.696
154.905
157.095
158.726
159.717
163.217
164.344
165.444
166.690
168.678
169.937
172.111
173.684
175.248
176.892
178.325
180.857
182.302
183.875
183.927
184.185
184.313
187.203
187.227
188.381
190.359
192.900
193.038
195.170
201.395
202.626
202.690
203.383
207.027
208.473
212.276
213.407
213.593
215.810
217.495
218.031
219.722
222.078
223.940
225.882
229.038
229.386
230.189
232.072
232.883
236.217
239.493
239.536
239.748
32.895
35.219
35.388
38.779
38.786
41.205
41.825
41.979
42.274
43.010
44.906
47.633
48.560
51.790
52.688
52.935
54.464
54.623
55.812
58.267
58.964
60.366
60.913
62.941
64.916
64.912
65.372
67.627
70.709
71.741
72.510
72.572
73.933
74.398
76.979
77.657
78.127
79.376
79.517
80.477
83.672
84.190
88.156
88.887
90.998
91.005
92.319
93.448
97.626
97.707
99.782
99.856
106.706
107.082
108.354
108.479
114.101
114.070
114.910
116.099
116.219
116.156
116.213
119.968
122.446
123.313
124.839
125.592
126.850
127.688
128.767
129.745
133.832
134.196
135.919
139.732
142.753
144.604
144.637
147.060
147.443
147.654
151.637
151.925
152.629
152.956
155.871
159.188
161.723
161.994
164.148
164.251
167.841
168.311
168.856
169.567
169.661
170.804
171.567
171.555
171.569
181.020
181.937
184.592
187.413
187.486
187.719
188.320
190.361
192.252
193.794
196.508
197.055
197.244
197.749
200.962
201.985
202.865
204.201
207.166
208.793
210.227
210.656
211.235
214.194
214.210
215.379
218.628
218.644
219.005
219.144
219.730
222.539
224.877
224.882
226.072
232.201
233.778
236.085
237.672
237.815
238.918
239.327
36.384
41.098
42.163
42.259
42.285
42.650
42.691
45.405
47.462
48.705
49.073
49.789
52.152
53.898
56.930
57.549
58.902
60.783
61.333
62.362
63.480
64.991
66.367
66.871
68.173
68.789
70.453
72.458
76.622
78.361
78.361
78.429
81.680
84.268
86.324
86.299
87.050
87.952
89.181
94.454
94.502
97.625
98.856
99.473
99.754
101.742
102.604
104.381
105.960
106.163
107.952
108.188
108.152
110.598
111.799
113.898
116.317
118.048
119.061
119.304
119.677
120.502
126.310
126.750
126.965
127.831
128.419
128.836
129.971
133.400
135.310
137.492
138.889
141.862
143.509
144.132
145.552
145.635
145.779
146.312
146.440
150.454
151.765
152.598
153.413
157.704
160.050
161.336
162.525
162.923
163.498
164.639
164.681
166.550
167.219
167.463
167.670
170.661
172.396
172.997
175.133
176.029
176.891
181.379
182.456
183.620
185.020
186.405
186.621
188.555
189.103
189.294
189.469
189.591
191.960
192.891
195.227
195.809
197.208
198.474
201.993
202.595
203.322
206.187
206.873
207.709
207.925
210.862
212.871
214.520
214.978
217.448
218.684
223.319
224.564
224.910
225.050
225.844
225.923
226.097
226.148
229.918
231.188
232.431
237.074
237.301
239.818
36.726
41.476
42.340
42.669
43.475
43.783
43.919
45.144
45.530
45.580
45.651
45.778
50.605
51.658
54.230
55.333
58.707
59.282
60.276
61.537
61.973
62.898
64.661
64.848
67.053
69.445
69.713
74.505
75.896
77.075
79.318
79.482
81.240
81.467
85.029
86.117
91.444
93.026
93.532
93.696
94.632
95.171
97.969
97.923
97.989
98.457
100.532
102.467
102.974
103.986
104.716
106.865
108.965
109.523
114.103
116.238
116.534
117.541
118.388
120.618
122.971
123.352
125.634
130.314
131.598
134.013
134.819
136.733
136.842
137.149
137.570
137.585
137.969
138.131
139.775
146.090
148.599
151.031
151.929
152.094
152.848
153.911
154.956
155.729
157.994
158.075
162.200
162.764
164.107
164.980
165.979
166.456
169.134
171.560
172.138
174.300
174.952
178.179
180.007
180.144
180.206
183.174
183.600
183.687
185.216
188.351
189.060
189.314
190.222
190.308
192.702
193.324
193.431
195.730
197.085
198.271
202.230
202.488
202.594
202.603
207.023
207.066
208.471
208.792
209.116
211.106
212.018
213.334
216.822
217.936
220.212
221.234
221.728
222.090
226.601
227.485
227.508
229.569
229.676
231.700
231.748
233.338
235.971
236.110
238.222
238.432
239.539
239.613
41.215
44.937
44.970
45.426
45.855
45.971
46.383
46.443
48.938
51.735
53.254
55.086
56.343
58.544
59.404
60.101
62.640
62.628
64.527
64.668
65.763
66.693
67.248
68.176
69.175
70.368
71.983
72.818
75.120
83.558
84.503
84.987
88.579
88.702
88.887
89.270
89.305
91.955
95.319
96.064
97.476
98.175
98.952
98.992
102.316
102.506
103.780
104.701
106.379
106.699
109.734
111.579
113.681
114.227
115.165
116.793
118.136
121.532
121.599
121.721
121.909
124.088
125.080
127.292
128.388
128.819
130.796
132.014
132.598
134.666
137.065
138.845
139.481
139.929
139.991
141.828
141.803
142.316
142.396
142.870
143.724
147.167
149.637
150.241
150.668
154.670
158.467
159.715
160.049
160.117
162.675
163.177
163.732
166.171
166.617
168.440
169.052
169.668
172.037
172.580
173.118
178.372
178.365
179.330
179.855
181.561
181.734
181.994
182.828
183.530
184.882
187.132
187.766
189.364
189.782
192.054
193.653
195.718
197.366
198.842
199.156
200.181
201.028
201.057
201.227
203.821
205.020
207.128
207.616
208.032
208.556
210.484
211.974
216.616
217.636
218.767
219.252
219.631
221.654
222.214
224.244
225.233
225.397
226.344
227.298
227.568
229.910
232.595
232.710
235.738
235.875
236.159
237.282
239.042
239.238
31.647
32.878
36.018
36.932
37.251
40.613
40.638
40.828
42.289
42.735
46.442
48.419
48.605
50.046
51.587
52.182
53.387
56.441
57.880
59.959
60.906
61.415
61.703
61.907
62.931
65.558
65.607
65.612
67.566
71.566
71.511
73.412
75.732
76.757
77.582
77.789
77.978
80.185
80.694
82.250
82.339
83.909
84.388
86.855
88.093
89.913
90.687
94.406
94.796
96.178
96.754
100.130
100.118
101.579
102.153
102.667
104.395
105.044
109.293
109.736
110.320
110.311
110.973
114.260
114.482
114.787
119.323
120.071
120.419
120.688
123.070
123.090
124.267
127.395
128.206
129.277
129.468
129.829
131.456
134.891
135.704
136.687
137.229
137.490
138.379
138.605
140.014
141.415
142.017
143.247
143.483
148.338
148.268
150.482
154.538
155.121
155.542
155.943
156.913
156.943
157.102
157.995
158.048
158.118
161.182
161.216
161.795
163.416
163.743
169.022
174.012
174.070
175.221
175.437
177.235
179.488
179.481
179.479
179.922
181.152
182.105
182.850
184.677
184.645
187.598
188.370
192.991
193.967
194.233
194.443
196.293
197.788
197.917
198.496
198.674
200.291
202.040
204.426
205.598
210.669
211.047
211.317
211.763
213.442
213.463
214.006
214.668
217.101
218.235
222.354
225.358
226.964
227.589
230.138
230.173
230.390
230.543
231.023
235.093
238.488
32.307
39.082
39.147
40.722
40.764
41.371
41.862
42.286
42.715
43.347
44.805
47.003
47.582
47.930
48.820
49.648
50.569
52.612
57.708
59.166
60.596
60.690
61.534
62.564
64.420
66.300
67.536
68.880
70.023
76.731
77.819
79.317
79.360
80.528
81.022
82.551
82.696
85.058
85.634
85.990
86.442
89.150
89.509
93.652
93.840
95.521
96.111
98.273
99.228
100.053
100.124
103.300
104.598
107.151
111.467
111.656
112.821
112.996
113.068
113.859
116.598
117.775
118.158
118.923
124.289
125.609
125.676
127.113
129.549
132.728
137.024
137.303
137.352
138.478
138.918
141.364
141.938
142.054
143.045
143.887
144.660
144.984
144.869
145.390
146.879
149.736
152.064
153.613
154.574
156.438
157.066
158.611
160.936
161.662
162.454
162.761
165.537
165.826
167.378
168.145
170.009
170.431
172.972
176.006
178.079
178.258
178.768
181.871
183.515
183.778
184.500
188.715
189.431
190.553
191.242
191.977
193.216
194.350
195.960
196.896
200.865
202.220
203.215
203.053
204.999
205.852
208.865
209.279
210.192
212.685
214.444
216.643
217.701
218.571
219.403
221.754
224.023
225.500
226.005
226.314
229.156
229.220
231.558
234.755
237.720
238.033
238.461
35.594
35.846
35.977
36.241
37.507
38.426
42.238
42.321
42.457
45.686
47.557
51.640
51.676
52.248
52.715
53.917
54.220
54.256
54.395
55.252
60.913
61.275
62.063
64.363
66.366
68.458
69.009
69.610
69.814
70.922
71.307
71.341
75.690
78.301
80.842
81.043
81.191
81.878
82.626
86.330
86.578
88.185
90.155
91.464
94.006
94.184
97.467
99.603
100.650
101.675
103.980
105.758
106.408
108.957
109.042
109.504
110.585
110.644
115.506
115.864
116.463
117.314
118.123
119.005
119.769
121.120
122.236
123.199
123.327
123.959
124.791
125.800
125.987
128.780
130.381
134.041
134.649
135.063
139.204
139.983
140.509
141.317
141.602
142.475
142.970
144.045
144.773
145.667
149.363
152.397
152.520
154.482
154.450
156.812
159.242
160.055
160.672
161.339
163.585
164.534
165.534
168.576
169.012
169.554
171.242
175.466
176.626
176.750
177.230
177.375
177.903
181.217
181.196
182.559
182.864
185.416
188.592
191.498
191.703
192.124
192.804
195.785
195.757
195.990
198.962
199.822
200.716
201.146
201.056
202.733
204.380
208.584
210.483
210.562
210.785
212.260
213.711
216.040
216.785
218.895
220.495
220.836
220.888
221.751
222.933
223.883
224.602
224.749
228.748
230.208
230.429
230.684
231.432
231.538
233.271
234.452
234.971
238.202
238.415
33.965
36.776
37.267
40.203
40.185
42.314
42.409
42.950
43.173
43.479
43.739
49.800
50.083
51.267
52.546
52.606
52.597
57.919
60.098
60.939
60.876
61.599
62.217
62.673
62.760
63.009
64.925
68.305
68.685
68.766
69.933
75.434
77.114
78.601
79.659
81.036
81.760
82.286
82.218
82.929
84.388
87.958
89.222
89.783
90.699
91.707
93.479
95.763
96.345
96.810
97.139
98.377
98.531
99.493
99.482
99.715
100.889
101.464
102.704
104.718
107.840
112.703
113.601
113.770
115.943
116.204
118.932
119.131
119.869
120.882
121.238
130.273
130.431
131.114
132.031
135.262
137.069
138.650
139.656
139.887
142.304
142.861
145.270
145.458
146.036
147.591
147.866
150.110
152.763
155.864
156.320
156.367
157.874
159.999
160.606
162.196
162.364
164.197
166.479
166.808
167.699
168.476
168.929
170.945
171.001
171.491
171.961
175.679
176.026
179.451
182.446
183.177
183.372
185.761
186.168
186.740
187.086
189.635
189.999
193.239
193.672
193.786
194.053
194.617
198.255
200.722
200.862
200.878
202.487
203.501
204.150
207.418
211.042
211.493
212.440
214.384
215.214
216.873
218.563
218.990
219.030
220.501
221.012
222.080
224.293
226.928
228.317
228.545
228.993
229.182
230.274
231.605
233.723
234.613
235.179
237.192
238.230
238.680
30.744
31.813
31.829
33.463
36.005
38.644
39.168
40.413
40.479
40.634
41.080
41.290
48.527
48.807
49.197
